[0624/162917.966:ERROR:process_memory_win.cc(73)] ReadMemory at 0x21b83ef07b0 of 72 bytes failed: Only part of a ReadProcessMemory or WriteProcessMemory request was completed. (0x12B)
[0624/162917.970:WARNING:pe_image_annotations_reader.cc(134)] could not read annotations list object in C:\Program Files (x86)\Google\Chrome\Application\83.0.4103.106\chrome_elf.dll
[0624/162917.970:ERROR:process_memory_win.cc(73)] ReadMemory at 0x21b83e00000 of 64 bytes failed: Only part of a ReadProcessMemory or WriteProcessMemory request was completed. (0x12B)
[0624/162917.970:WARNING:pe_image_reader.cc(340)] could not read dos header from C:\Windows\System32\msvcrt.dll
[0624/162917.970:ERROR:process_memory_win.cc(73)] ReadMemory at 0x21b84365790 of 72 bytes failed: Only part of a ReadProcessMemory or WriteProcessMemory request was completed. (0x12B)
[0624/162917.970:WARNING:pe_image_annotations_reader.cc(134)] could not read annotations list object in C:\Program Files (x86)\Google\Chrome\Application\83.0.4103.106\chrome.dll
[0624/162917.970:ERROR:process_memory_win.cc(73)] ReadMemory at 0x21b83ef07b0 of 72 bytes failed: Only part of a ReadProcessMemory or WriteProcessMemory request was completed. (0x12B)
[0624/162917.970:WARNING:pe_image_annotations_reader.cc(134)] could not read annotations list object in C:\Program Files (x86)\Google\Chrome\Application\83.0.4103.106\chrome_elf.dll
[0624/162917.970:ERROR:process_memory_win.cc(73)] ReadMemory at 0x21b83e00000 of 64 bytes failed: Only part of a ReadProcessMemory or WriteProcessMemory request was completed. (0x12B)
[0624/162917.970:WARNING:pe_image_reader.cc(340)] could not read dos header from C:\Windows\System32\msvcrt.dll
[0624/162917.970:ERROR:process_memory_win.cc(73)] ReadMemory at 0x21b84365790 of 72 bytes failed: Only part of a ReadProcessMemory or WriteProcessMemory request was completed. (0x12B)
[0624/162917.974:WARNING:pe_image_annotations_reader.cc(134)] could not read annotations list object in C:\Program Files (x86)\Google\Chrome\Application\83.0.4103.106\chrome.dll
[0624/162917.982:ERROR:process_memory_win.cc(73)] ReadMemory at 0x92bc1e6000 of 106496 bytes failed: Only part of a ReadProcessMemory or WriteProcessMemory request was completed. (0x12B)
[0624/162917.986:ERROR:process_memory_win.cc(73)] ReadMemory at 0x92bc9fd000 of 12288 bytes failed: Only part of a ReadProcessMemory or WriteProcessMemory request was completed. (0x12B)
[0624/162917.986:ERROR:process_memory_win.cc(73)] ReadMemory at 0x92bd1fa000 of 24576 bytes failed: Only part of a ReadProcessMemory or WriteProcessMemory request was completed. (0x12B)
[0624/162917.986:ERROR:process_memory_win.cc(73)] ReadMemory at 0x92bd9fc000 of 16384 bytes failed: Only part of a ReadProcessMemory or WriteProcessMemory request was completed. (0x12B)
[0624/162917.986:ERROR:process_memory_win.cc(73)] ReadMemory at 0x92be1fb000 of 20480 bytes failed: Only part of a ReadProcessMemory or WriteProcessMemory request was completed. (0x12B)
[0624/162917.986:ERROR:process_memory_win.cc(73)] ReadMemory at 0x92be9fe000 of 8192 bytes failed: Only part of a ReadProcessMemory or WriteProcessMemory request was completed. (0x12B)
[0624/162917.986:ERROR:process_memory_win.cc(73)] ReadMemory at 0x92bf1fc000 of 16384 bytes failed: Only part of a ReadProcessMemory or WriteProcessMemory request was completed. (0x12B)
[0624/162917.986:ERROR:process_memory_win.cc(73)] ReadMemory at 0x92bf9fb000 of 20480 bytes failed: Only part of a ReadProcessMemory or WriteProcessMemory request was completed. (0x12B)
[0624/162917.986:ERROR:process_memory_win.cc(73)] ReadMemory at 0x92c01fb000 of 20480 bytes failed: Only part of a ReadProcessMemory or WriteProcessMemory request was completed. (0x12B)
[0624/162917.986:ERROR:process_memory_win.cc(73)] ReadMemory at 0x92c09f8000 of 32768 bytes failed: Only part of a ReadProcessMemory or WriteProcessMemory request was completed. (0x12B)
[0624/162917.986:ERROR:process_memory_win.cc(73)] ReadMemory at 0x92c11fa000 of 24576 bytes failed: Only part of a ReadProcessMemory or WriteProcessMemory request was completed. (0x12B)
[0624/162917.986:ERROR:process_memory_win.cc(73)] ReadMemory at 0x92c19fd000 of 12288 bytes failed: Only part of a ReadProcessMemory or WriteProcessMemory request was completed. (0x12B)
[0624/162917.986:ERROR:process_memory_win.cc(73)] ReadMemory at 0x92c21fa000 of 24576 bytes failed: Only part of a ReadProcessMemory or WriteProcessMemory request was completed. (0x12B)
[0624/162917.986:ERROR:process_memory_win.cc(73)] ReadMemory at 0x92c29f8000 of 32768 bytes failed: Only part of a ReadProcessMemory or WriteProcessMemory request was completed. (0x12B)
[0624/162917.986:ERROR:process_memory_win.cc(73)] ReadMemory at 0x92c31fd000 of 12288 bytes failed: Only part of a ReadProcessMemory or WriteProcessMemory request was completed. (0x12B)
[0624/162917.986:ERROR:process_memory_win.cc(73)] ReadMemory at 0x92bb977000 of 852 bytes failed: Only part of a ReadProcessMemory or WriteProcessMemory request was completed. (0x12B)
[0624/162917.986:ERROR:process_memory_win.cc(73)] ReadMemory at 0x92bb978000 of 6024 bytes failed: Only part of a ReadProcessMemory or WriteProcessMemory request was completed. (0x12B)
[0624/162917.986:ERROR:process_memory_win.cc(73)] ReadMemory at 0x92bb97a000 of 6024 bytes failed: Only part of a ReadProcessMemory or WriteProcessMemory request was completed. (0x12B)
[0624/162917.986:ERROR:process_memory_win.cc(73)] ReadMemory at 0x92bb97c000 of 6024 bytes failed: Only part of a ReadProcessMemory or WriteProcessMemory request was completed. (0x12B)
[0624/162917.986:ERROR:process_memory_win.cc(73)] ReadMemory at 0x92bb97e000 of 6024 bytes failed: Only part of a ReadProcessMemory or WriteProcessMemory request was completed. (0x12B)
[0624/162917.986:ERROR:process_memory_win.cc(73)] ReadMemory at 0x92bb980000 of 6024 bytes failed: Only part of a ReadProcessMemory or WriteProcessMemory request was completed. (0x12B)
[0624/162917.986:ERROR:process_memory_win.cc(73)] ReadMemory at 0x92bb982000 of 6024 bytes failed: Only part of a ReadProcessMemory or WriteProcessMemory request was completed. (0x12B)
[0624/162917.986:ERROR:process_memory_win.cc(73)] ReadMemory at 0x92bb984000 of 6024 bytes failed: Only part of a ReadProcessMemory or WriteProcessMemory request was completed. (0x12B)
[0624/162917.986:ERROR:process_memory_win.cc(73)] ReadMemory at 0x92bb986000 of 6024 bytes failed: Only part of a ReadProcessMemory or WriteProcessMemory request was completed. (0x12B)
[0624/162917.986:ERROR:process_memory_win.cc(73)] ReadMemory at 0x92bb988000 of 6024 bytes failed: Only part of a ReadProcessMemory or WriteProcessMemory request was completed. (0x12B)
[0624/162917.986:ERROR:process_memory_win.cc(73)] ReadMemory at 0x92bb98a000 of 6024 bytes failed: Only part of a ReadProcessMemory or WriteProcessMemory request was completed. (0x12B)
[0624/162917.986:ERROR:process_memory_win.cc(73)] ReadMemory at 0x92bb98c000 of 6024 bytes failed: Only part of a ReadProcessMemory or WriteProcessMemory request was completed. (0x12B)
[0624/162917.986:ERROR:process_memory_win.cc(73)] ReadMemory at 0x92bb98e000 of 6024 bytes failed: Only part of a ReadProcessMemory or WriteProcessMemory request was completed. (0x12B)
[0624/162917.986:ERROR:process_memory_win.cc(73)] ReadMemory at 0x92bb990000 of 6024 bytes failed: Only part of a ReadProcessMemory or WriteProcessMemory request was completed. (0x12B)
[0624/162917.986:ERROR:process_memory_win.cc(73)] ReadMemory at 0x92bb992000 of 6024 bytes failed: Only part of a ReadProcessMemory or WriteProcessMemory request was completed. (0x12B)
[0624/162917.986:ERROR:process_memory_win.cc(73)] ReadMemory at 0x92bb994000 of 6024 bytes failed: Only part of a ReadProcessMemory or WriteProcessMemory request was completed. (0x12B)
[0624/162917.986:ERROR:process_memory_win.cc(73)] ReadMemory at 0x21b83d00750 of 80 bytes failed: Only part of a ReadProcessMemory or WriteProcessMemory request was completed. (0x12B)
[0624/162917.986:ERROR:process_memory_win.cc(73)] ReadMemory at 0x21b83d00fe0 of 4020 bytes failed: Only part of a ReadProcessMemory or WriteProcessMemory request was completed. (0x12B)
[0624/162917.986:ERROR:process_memory_win.cc(73)] ReadMemory at 0x21b83d01fa0 of 1012 bytes failed: Only part of a ReadProcessMemory or WriteProcessMemory request was completed. (0x12B)
[0624/162917.986:ERROR:process_memory_win.cc(73)] ReadMemory at 0x21b83d025e8 of 118 bytes failed: Only part of a ReadProcessMemory or WriteProcessMemory request was completed. (0x12B)
[0624/162917.986:ERROR:process_memory_win.cc(73)] ReadMemory at 0x21b83d02660 of 718 bytes failed: Only part of a ReadProcessMemory or WriteProcessMemory request was completed. (0x12B)
[0624/162917.990:ERROR:process_memory_win.cc(73)] ReadMemory at 0x21b83d02930 of 118 bytes failed: Only part of a ReadProcessMemory or WriteProcessMemory request was completed. (0x12B)
[0624/162917.990:ERROR:process_memory_win.cc(73)] ReadMemory at 0x21b83d029a8 of 94 bytes failed: Only part of a ReadProcessMemory or WriteProcessMemory request was completed. (0x12B)
[0624/162917.990:ERROR:process_memory_win.cc(73)] ReadMemory at 0x21b83d02a20 of 58 bytes failed: Only part of a ReadProcessMemory or WriteProcessMemory request was completed. (0x12B)
[0624/162917.990:ERROR:process_memory_win.cc(73)] ReadMemory at 0x21b83d02b20 of 132 bytes failed: Only part of a ReadProcessMemory or WriteProcessMemory request was completed. (0x12B)
[0624/162917.990:ERROR:process_memory_win.cc(73)] ReadMemory at 0x21b83d02cb0 of 132 bytes failed: Only part of a ReadProcessMemory or WriteProcessMemory request was completed. (0x12B)
[0624/162917.990:ERROR:process_memory_win.cc(73)] ReadMemory at 0x21b83d02e70 of 126 bytes failed: Only part of a ReadProcessMemory or WriteProcessMemory request was completed. (0x12B)
[0624/162917.990:ERROR:process_memory_win.cc(73)] ReadMemory at 0x21b83d03250 of 132 bytes failed: Only part of a ReadProcessMemory or WriteProcessMemory request was completed. (0x12B)
[0624/162917.990:ERROR:process_memory_win.cc(73)] ReadMemory at 0x21b83d033e0 of 64 bytes failed: Only part of a ReadProcessMemory or WriteProcessMemory request was completed. (0x12B)
[0624/162917.990:ERROR:process_memory_win.cc(73)] ReadMemory at 0x21b83d03430 of 132 bytes failed: Only part of a ReadProcessMemory or WriteProcessMemory request was completed. (0x12B)
[0624/162917.990:ERROR:process_memory_win.cc(73)] ReadMemory at 0x21b83d035a0 of 132 bytes failed: Only part of a ReadProcessMemory or WriteProcessMemory request was completed. (0x12B)
[0624/162917.990:ERROR:process_memory_win.cc(73)] ReadMemory at 0x21b83d03840 of 132 bytes failed: Only part of a ReadProcessMemory or WriteProcessMemory request was completed. (0x12B)
[0624/162917.990:ERROR:process_memory_win.cc(73)] ReadMemory at 0x21b83d039d0 of 68 bytes failed: Only part of a ReadProcessMemory or WriteProcessMemory request was completed. (0x12B)
[0624/162917.990:ERROR:process_memory_win.cc(73)] ReadMemory at 0x21b83d04a80 of 132 bytes failed: Only part of a ReadProcessMemory or WriteProcessMemory request was completed. (0x12B)
[0624/162917.990:ERROR:process_memory_win.cc(73)] ReadMemory at 0x21b83d04c10 of 154 bytes failed: Only part of a ReadProcessMemory or WriteProcessMemory request was completed. (0x12B)
[0624/162917.990:ERROR:process_memory_win.cc(73)] ReadMemory at 0x21b83d05a00 of 62 bytes failed: Only part of a ReadProcessMemory or WriteProcessMemory request was completed. (0x12B)
[0624/162917.990:ERROR:process_memory_win.cc(73)] ReadMemory at 0x21b83d05bf0 of 132 bytes failed: Only part of a ReadProcessMemory or WriteProcessMemory request was completed. (0x12B)
[0624/162917.990:ERROR:process_memory_win.cc(73)] ReadMemory at 0x21b83d06250 of 60 bytes failed: Only part of a ReadProcessMemory or WriteProcessMemory request was completed. (0x12B)
[0624/162917.990:ERROR:process_memory_win.cc(73)] ReadMemory at 0x21b83d07d30 of 132 bytes failed: Only part of a ReadProcessMemory or WriteProcessMemory request was completed. (0x12B)
[0624/162917.990:ERROR:process_memory_win.cc(73)] ReadMemory at 0x21b83d07f80 of 132 bytes failed: Only part of a ReadProcessMemory or WriteProcessMemory request was completed. (0x12B)
[0624/162917.990:ERROR:process_memory_win.cc(73)] ReadMemory at 0x21b83d0af70 of 62 bytes failed: Only part of a ReadProcessMemory or WriteProcessMemory request was completed. (0x12B)
[0624/162917.990:ERROR:process_memory_win.cc(73)] ReadMemory at 0x21b83d0b0b0 of 66 bytes failed: Only part of a ReadProcessMemory or WriteProcessMemory request was completed. (0x12B)
[0624/162917.990:ERROR:process_memory_win.cc(73)] ReadMemory at 0x21b83d0b100 of 60 bytes failed: Only part of a ReadProcessMemory or WriteProcessMemory request was completed. (0x12B)
[0624/162917.990:ERROR:process_memory_win.cc(73)] ReadMemory at 0x21b83d0b290 of 64 bytes failed: Only part of a ReadProcessMemory or WriteProcessMemory request was completed. (0x12B)
[0624/162917.990:ERROR:process_memory_win.cc(73)] ReadMemory at 0x21b83d0b330 of 64 bytes failed: Only part of a ReadProcessMemory or WriteProcessMemory request was completed. (0x12B)
[0624/162917.990:ERROR:process_memory_win.cc(73)] ReadMemory at 0x21b83d0b3d0 of 58 bytes failed: Only part of a ReadProcessMemory or WriteProcessMemory request was completed. (0x12B)
[0624/162917.990:ERROR:process_memory_win.cc(73)] ReadMemory at 0x21b83d0b420 of 64 bytes failed: Only part of a ReadProcessMemory or WriteProcessMemory request was completed. (0x12B)
[0624/162917.990:ERROR:process_memory_win.cc(73)] ReadMemory at 0x21b83d0c7c0 of 132 bytes failed: Only part of a ReadProcessMemory or WriteProcessMemory request was completed. (0x12B)
[0624/162917.990:ERROR:process_memory_win.cc(73)] ReadMemory at 0x21b83d0cb10 of 132 bytes failed: Only part of a ReadProcessMemory or WriteProcessMemory request was completed. (0x12B)
[0624/162917.990:ERROR:process_memory_win.cc(73)] ReadMemory at 0x21b83d0de60 of 132 bytes failed: Only part of a ReadProcessMemory or WriteProcessMemory request was completed. (0x12B)
[0624/162917.990:ERROR:process_memory_win.cc(73)] ReadMemory at 0x21b83d0e150 of 132 bytes failed: Only part of a ReadProcessMemory or WriteProcessMemory request was completed. (0x12B)
[0624/162917.990:ERROR:process_memory_win.cc(73)] ReadMemory at 0x21b83d0e370 of 132 bytes failed: Only part of a ReadProcessMemory or WriteProcessMemory request was completed. (0x12B)
[0624/162917.990:ERROR:process_memory_win.cc(73)] ReadMemory at 0x21b83d0feb0 of 132 bytes failed: Only part of a ReadProcessMemory or WriteProcessMemory request was completed. (0x12B)
[0624/162917.990:ERROR:process_memory_win.cc(73)] ReadMemory at 0x21b83d11c80 of 132 bytes failed: Only part of a ReadProcessMemory or WriteProcessMemory request was completed. (0x12B)
[0624/162917.990:ERROR:process_memory_win.cc(73)] ReadMemory at 0x21b83d14ea0 of 146 bytes failed: Only part of a ReadProcessMemory or WriteProcessMemory request was completed. (0x12B)
[0624/162917.990:ERROR:process_memory_win.cc(73)] ReadMemory at 0x21b83d15c40 of 54 bytes failed: Only part of a ReadProcessMemory or WriteProcessMemory request was completed. (0x12B)
[0624/162917.990:ERROR:process_memory_win.cc(73)] ReadMemory at 0x21b83d16060 of 64 bytes failed: Only part of a ReadProcessMemory or WriteProcessMemory request was completed. (0x12B)
[0624/162917.990:ERROR:process_memory_win.cc(73)] ReadMemory at 0x21b83d160b0 of 62 bytes failed: Only part of a ReadProcessMemory or WriteProcessMemory request was completed. (0x12B)
[0624/162917.990:ERROR:process_memory_win.cc(73)] ReadMemory at 0x21b83d16150 of 62 bytes failed: Only part of a ReadProcessMemory or WriteProcessMemory request was completed. (0x12B)
[0624/162917.990:ERROR:process_memory_win.cc(73)] ReadMemory at 0x21b83d161a0 of 62 bytes failed: Only part of a ReadProcessMemory or WriteProcessMemory request was completed. (0x12B)
[0624/162917.990:ERROR:process_memory_win.cc(73)] ReadMemory at 0x21b83d16330 of 62 bytes failed: Only part of a ReadProcessMemory or WriteProcessMemory request was completed. (0x12B)
[0624/162917.990:ERROR:process_memory_win.cc(73)] ReadMemory at 0x21b83d16470 of 64 bytes failed: Only part of a ReadProcessMemory or WriteProcessMemory request was completed. (0x12B)
[0624/162917.990:ERROR:process_memory_win.cc(73)] ReadMemory at 0x21b83d165b0 of 64 bytes failed: Only part of a ReadProcessMemory or WriteProcessMemory request was completed. (0x12B)
[0624/162917.990:ERROR:process_memory_win.cc(73)] ReadMemory at 0x21b83d16600 of 64 bytes failed: Only part of a ReadProcessMemory or WriteProcessMemory request was completed. (0x12B)
[0624/162917.990:ERROR:process_memory_win.cc(73)] ReadMemory at 0x21b83d16650 of 62 bytes failed: Only part of a ReadProcessMemory or WriteProcessMemory request was completed. (0x12B)
[0624/162917.990:ERROR:process_memory_win.cc(73)] ReadMemory at 0x21b83d166f0 of 60 bytes failed: Only part of a ReadProcessMemory or WriteProcessMemory request was completed. (0x12B)
[0624/162917.990:ERROR:process_memory_win.cc(73)] ReadMemory at 0x21b83d16790 of 62 bytes failed: Only part of a ReadProcessMemory or WriteProcessMemory request was completed. (0x12B)
[0624/162917.990:ERROR:process_memory_win.cc(73)] ReadMemory at 0x21b83d16830 of 62 bytes failed: Only part of a ReadProcessMemory or WriteProcessMemory request was completed. (0x12B)
[0624/162917.990:ERROR:process_memory_win.cc(73)] ReadMemory at 0x21b83d16880 of 60 bytes failed: Only part of a ReadProcessMemory or WriteProcessMemory request was completed. (0x12B)
[0624/162917.990:ERROR:process_memory_win.cc(73)] ReadMemory at 0x21b83d168d0 of 66 bytes failed: Only part of a ReadProcessMemory or WriteProcessMemory request was completed. (0x12B)
[0624/162917.990:ERROR:process_memory_win.cc(73)] ReadMemory at 0x21b83d169c0 of 60 bytes failed: Only part of a ReadProcessMemory or WriteProcessMemory request was completed. (0x12B)
[0624/162917.990:ERROR:process_memory_win.cc(73)] ReadMemory at 0x21b83d16c90 of 64 bytes failed: Only part of a ReadProcessMemory or WriteProcessMemory request was completed. (0x12B)
[0624/162917.990:ERROR:process_memory_win.cc(73)] ReadMemory at 0x21b83d16d30 of 62 bytes failed: Only part of a ReadProcessMemory or WriteProcessMemory request was completed. (0x12B)
[0624/162917.994:ERROR:process_memory_win.cc(73)] ReadMemory at 0x21b83d16d80 of 60 bytes failed: Only part of a ReadProcessMemory or WriteProcessMemory request was completed. (0x12B)
[0624/162917.994:ERROR:process_memory_win.cc(73)] ReadMemory at 0x21b83d16e70 of 60 bytes failed: Only part of a ReadProcessMemory or WriteProcessMemory request was completed. (0x12B)
[0624/162917.994:ERROR:process_memory_win.cc(73)] ReadMemory at 0x21b83d16f60 of 62 bytes failed: Only part of a ReadProcessMemory or WriteProcessMemory request was completed. (0x12B)
[0624/162917.994:ERROR:process_memory_win.cc(73)] ReadMemory at 0x21b83d17020 of 132 bytes failed: Only part of a ReadProcessMemory or WriteProcessMemory request was completed. (0x12B)
[0624/162917.994:ERROR:process_memory_win.cc(73)] ReadMemory at 0x21b83d17150 of 132 bytes failed: Only part of a ReadProcessMemory or WriteProcessMemory request was completed. (0x12B)
[0624/162917.994:ERROR:process_memory_win.cc(73)] ReadMemory at 0x21b83d17280 of 132 bytes failed: Only part of a ReadProcessMemory or WriteProcessMemory request was completed. (0x12B)
[0624/162917.994:ERROR:process_memory_win.cc(73)] ReadMemory at 0x21b83d173b0 of 132 bytes failed: Only part of a ReadProcessMemory or WriteProcessMemory request was completed. (0x12B)
[0624/162917.994:ERROR:process_memory_win.cc(73)] ReadMemory at 0x21b83d17610 of 132 bytes failed: Only part of a ReadProcessMemory or WriteProcessMemory request was completed. (0x12B)
[0624/162917.994:ERROR:process_memory_win.cc(73)] ReadMemory at 0x21b83d17740 of 132 bytes failed: Only part of a ReadProcessMemory or WriteProcessMemory request was completed. (0x12B)
[0624/162917.994:ERROR:process_memory_win.cc(73)] ReadMemory at 0x21b83d17870 of 132 bytes failed: Only part of a ReadProcessMemory or WriteProcessMemory request was completed. (0x12B)
[0624/162917.994:ERROR:process_memory_win.cc(73)] ReadMemory at 0x21b83d179a0 of 132 bytes failed: Only part of a ReadProcessMemory or WriteProcessMemory request was completed. (0x12B)
[0624/162917.994:ERROR:process_memory_win.cc(73)] ReadMemory at 0x21b83d17ad0 of 132 bytes failed: Only part of a ReadProcessMemory or WriteProcessMemory request was completed. (0x12B)
[0624/162917.994:ERROR:process_memory_win.cc(73)] ReadMemory at 0x21b83d17c00 of 132 bytes failed: Only part of a ReadProcessMemory or WriteProcessMemory request was completed. (0x12B)
[0624/162917.994:ERROR:process_memory_win.cc(73)] ReadMemory at 0x21b83d17d30 of 132 bytes failed: Only part of a ReadProcessMemory or WriteProcessMemory request was completed. (0x12B)
[0624/162917.994:ERROR:process_memory_win.cc(73)] ReadMemory at 0x21b83d17e60 of 132 bytes failed: Only part of a ReadProcessMemory or WriteProcessMemory request was completed. (0x12B)
[0624/162917.994:ERROR:process_memory_win.cc(73)] ReadMemory at 0x21b83d18270 of 76 bytes failed: Only part of a ReadProcessMemory or WriteProcessMemory request was completed. (0x12B)
[0624/162917.994:ERROR:process_memory_win.cc(73)] ReadMemory at 0x21b83d185d0 of 80 bytes failed: Only part of a ReadProcessMemory or WriteProcessMemory request was completed. (0x12B)
[0624/162917.994:ERROR:process_memory_win.cc(73)] ReadMemory at 0x21b83d19880 of 132 bytes failed: Only part of a ReadProcessMemory or WriteProcessMemory request was completed. (0x12B)
[0624/162917.994:ERROR:process_memory_win.cc(73)] ReadMemory at 0x21b83d19d40 of 132 bytes failed: Only part of a ReadProcessMemory or WriteProcessMemory request was completed. (0x12B)
[0624/162917.994:ERROR:process_memory_win.cc(73)] ReadMemory at 0x21b83d19e70 of 132 bytes failed: Only part of a ReadProcessMemory or WriteProcessMemory request was completed. (0x12B)
[0624/162917.994:ERROR:process_memory_win.cc(73)] ReadMemory at 0x21b83d1a200 of 132 bytes failed: Only part of a ReadProcessMemory or WriteProcessMemory request was completed. (0x12B)
[0624/162917.994:ERROR:process_memory_win.cc(73)] ReadMemory at 0x21b83d1a6c0 of 132 bytes failed: Only part of a ReadProcessMemory or WriteProcessMemory request was completed. (0x12B)
[0624/162917.994:ERROR:process_memory_win.cc(73)] ReadMemory at 0x21b83d1a920 of 132 bytes failed: Only part of a ReadProcessMemory or WriteProcessMemory request was completed. (0x12B)
[0624/162917.994:ERROR:process_memory_win.cc(73)] ReadMemory at 0x21b83d1ab80 of 132 bytes failed: Only part of a ReadProcessMemory or WriteProcessMemory request was completed. (0x12B)
[0624/162917.994:ERROR:process_memory_win.cc(73)] ReadMemory at 0x21b83d1b170 of 132 bytes failed: Only part of a ReadProcessMemory or WriteProcessMemory request was completed. (0x12B)
[0624/162917.994:ERROR:process_memory_win.cc(73)] ReadMemory at 0x21b83d1b2a0 of 132 bytes failed: Only part of a ReadProcessMemory or WriteProcessMemory request was completed. (0x12B)
[0624/162917.994:ERROR:process_memory_win.cc(73)] ReadMemory at 0x21b83d1b3d0 of 132 bytes failed: Only part of a ReadProcessMemory or WriteProcessMemory request was completed. (0x12B)
[0624/162917.994:ERROR:process_memory_win.cc(73)] ReadMemory at 0x21b83d2d080 of 512 bytes failed: Only part of a ReadProcessMemory or WriteProcessMemory request was completed. (0x12B)
[0624/162917.994:ERROR:process_memory_win.cc(73)] ReadMemory at 0x21b83d2dec0 of 656 bytes failed: Only part of a ReadProcessMemory or WriteProcessMemory request was completed. (0x12B)
[0624/162917.994:ERROR:process_memory_win.cc(73)] ReadMemory at 0x21b83d2ff60 of 512 bytes failed: Only part of a ReadProcessMemory or WriteProcessMemory request was completed. (0x12B)
[0624/162917.994:ERROR:process_memory_win.cc(73)] ReadMemory at 0x21b83f20d60 of 512 bytes failed: Only part of a ReadProcessMemory or WriteProcessMemory request was completed. (0x12B)
[0624/162917.994:ERROR:process_memory_win.cc(73)] ReadMemory at 0x21b83f21060 of 512 bytes failed: Only part of a ReadProcessMemory or WriteProcessMemory request was completed. (0x12B)
[0624/162917.994:ERROR:process_memory_win.cc(73)] ReadMemory at 0x21b83f22f20 of 512 bytes failed: Only part of a ReadProcessMemory or WriteProcessMemory request was completed. (0x12B)
[0624/162917.994:ERROR:process_memory_win.cc(73)] ReadMemory at 0x21b843a02a0 of 512 bytes failed: Only part of a ReadProcessMemory or WriteProcessMemory request was completed. (0x12B)
[0624/162917.994:ERROR:process_memory_win.cc(73)] ReadMemory at 0x21b843b3020 of 712 bytes failed: Only part of a ReadProcessMemory or WriteProcessMemory request was completed. (0x12B)
[0624/162917.994:ERROR:process_memory_win.cc(73)] ReadMemory at 0x21b843dba90 of 512 bytes failed: Only part of a ReadProcessMemory or WriteProcessMemory request was completed. (0x12B)
[0624/162917.994:ERROR:process_memory_win.cc(73)] ReadMemory at 0x21b8442f2c0 of 512 bytes failed: Only part of a ReadProcessMemory or WriteProcessMemory request was completed. (0x12B)
[0624/162917.994:ERROR:process_memory_win.cc(73)] ReadMemory at 0x21b846202ac of 512 bytes failed: Only part of a ReadProcessMemory or WriteProcessMemory request was completed. (0x12B)
[0624/162917.994:ERROR:process_memory_win.cc(73)] ReadMemory at 0x21b85a40000 of 384 bytes failed: Only part of a ReadProcessMemory or WriteProcessMemory request was completed. (0x12B)
[0624/162917.994:ERROR:process_memory_win.cc(73)] ReadMemory at 0x21b86196770 of 512 bytes failed: Only part of a ReadProcessMemory or WriteProcessMemory request was completed. (0x12B)
[0624/162917.998:ERROR:scoped_process_suspend.cc(40)] NtResumeProcess: An attempt was made to access an exiting process. (0xc000010a)
